<?xml version="1.0" encoding="UTF-8"?>
<testsuite xmlns:xsi="http://www.w3.org/2001/XMLSchema-instance" xsi:noNamespaceSchemaLocation="https://maven.apache.org/surefire/maven-surefire-plugin/xsd/surefire-test-report.xsd" version="3.0.2" name="AssertionsTest" time="0.135" tests="1" errors="0" skipped="0" failures="0">
  <properties>
    <property name="java.specification.version" value="21"/>
    <property name="maven.user.extensions" value="C:\Users\hp/.m2/extensions.xml"/>
    <property name="sun.cpu.isalist" value="amd64"/>
    <property name="sun.jnu.encoding" value="Cp1252"/>
    <property name="java.class.path" value="C:\Users\hp\Desktop\Cognizant-week2-Mandatory-JUnit_Basic Testing\Mandatory-Exercise3-Assertions in JUnit\target\test-classes;C:\Users\hp\Desktop\Cognizant-week2-Mandatory-JUnit_Basic Testing\Mandatory-Exercise3-Assertions in JUnit\target\classes;C:\Users\hp\.m2\repository\junit\junit\4.13.2\junit-4.13.2.jar;C:\Users\hp\.m2\repository\org\hamcrest\hamcrest-core\1.3\hamcrest-core-1.3.jar;"/>
    <property name="java.vm.vendor" value="Oracle Corporation"/>
    <property name="sun.arch.data.model" value="64"/>
    <property name="user.variant" value=""/>
    <property name="maven.user.toolchains" value="C:\Users\hp/.m2/toolchains.xml"/>
    <property name="java.vendor.url" value="https://java.oracle.com/"/>
    <property name="user.timezone" value="Asia/Calcutta"/>
    <property name="java.vm.specification.version" value="21"/>
    <property name="os.name" value="Windows 10"/>
    <property name="maven.repo.central" value="https://repo.maven.apache.org/maven2"/>
    <property name="sun.java.launcher" value="SUN_STANDARD"/>
    <property name="user.country" value="IN"/>
    <property name="session.topDirectory" value="C:\Users\hp\Desktop\Cognizant-week2-Mandatory-JUnit_Basic Testing\Mandatory-Exercise3-Assertions in JUnit"/>
    <property name="sun.boot.library.path" value="C:\Program Files\Java\jdk-21\bin"/>
    <property name="sun.java.command" value="C:\Users\hp\AppData\Local\Temp\surefire13638357136020105294\surefirebooter-20250629114619396_3.jar C:\Users\hp\AppData\Local\Temp\surefire13638357136020105294 2025-06-29T11-46-18_878-jvmRun1 surefire-20250629114619396_1tmp surefire_0-20250629114619396_2tmp"/>
    <property name="maven.project.settings" value="${session.rootDirectory}/.mvn/settings.xml"/>
    <property name="jdk.debug" value="release"/>
    <property name="surefire.test.class.path" value="C:\Users\hp\Desktop\Cognizant-week2-Mandatory-JUnit_Basic Testing\Mandatory-Exercise3-Assertions in JUnit\target\test-classes;C:\Users\hp\Desktop\Cognizant-week2-Mandatory-JUnit_Basic Testing\Mandatory-Exercise3-Assertions in JUnit\target\classes;C:\Users\hp\.m2\repository\junit\junit\4.13.2\junit-4.13.2.jar;C:\Users\hp\.m2\repository\org\hamcrest\hamcrest-core\1.3\hamcrest-core-1.3.jar;"/>
    <property name="sun.cpu.endian" value="little"/>
    <property name="user.home" value="C:\Users\hp"/>
    <property name="user.language" value="en"/>
    <property name="java.specification.vendor" value="Oracle Corporation"/>
    <property name="java.version.date" value="2024-10-15"/>
    <property name="java.home" value="C:\Program Files\Java\jdk-21"/>
    <property name="maven.user.conf" value="C:\Users\hp/.m2"/>
    <property name="file.separator" value="\"/>
    <property name="basedir" value="C:\Users\hp\Desktop\Cognizant-week2-Mandatory-JUnit_Basic Testing\Mandatory-Exercise3-Assertions in JUnit"/>
    <property name="java.vm.compressedOopsMode" value="32-bit"/>
    <property name="line.separator" value="&#10;"/>
    <property name="java.vm.specification.vendor" value="Oracle Corporation"/>
    <property name="java.specification.name" value="Java Platform API Specification"/>
    <property name="maven.project.conf" value="${session.rootDirectory}/.mvn"/>
    <property name="surefire.real.class.path" value="C:\Users\hp\AppData\Local\Temp\surefire13638357136020105294\surefirebooter-20250629114619396_3.jar"/>
    <property name="user.script" value=""/>
    <property name="sun.management.compiler" value="HotSpot 64-Bit Tiered Compilers"/>
    <property name="java.runtime.version" value="21.0.5+9-LTS-239"/>
    <property name="user.name" value="hp"/>
    <property name="stdout.encoding" value="Cp1252"/>
    <property name="maven.installation.conf" value="C:\Users\hp\Downloads\apache-maven-4.0.0-rc-4-bin\apache-maven-4.0.0-rc-4/conf"/>
    <property name="path.separator" value=";"/>
    <property name="os.version" value="10.0"/>
    <property name="java.runtime.name" value="Java(TM) SE Runtime Environment"/>
    <property name="file.encoding" value="UTF-8"/>
    <property name="maven.installation.toolchains" value="C:\Users\hp\Downloads\apache-maven-4.0.0-rc-4-bin\apache-maven-4.0.0-rc-4/conf/toolchains.xml"/>
    <property name="java.vm.name" value="Java HotSpot(TM) 64-Bit Server VM"/>
    <property name="localRepository" value="C:\Users\hp\.m2\repository"/>
    <property name="maven.project.extensions" value="${session.rootDirectory}/.mvn/extensions.xml"/>
    <property name="java.vendor.url.bug" value="https://bugreport.java.com/bugreport/"/>
    <property name="java.io.tmpdir" value="C:\Users\hp\AppData\Local\Temp\"/>
    <property name="maven.installation.extensions" value="C:\Users\hp\Downloads\apache-maven-4.0.0-rc-4-bin\apache-maven-4.0.0-rc-4/conf/extensions.xml"/>
    <property name="java.version" value="21.0.5"/>
    <property name="user.dir" value="C:\Users\hp\Desktop\Cognizant-week2-Mandatory-JUnit_Basic Testing\Mandatory-Exercise3-Assertions in JUnit"/>
    <property name="os.arch" value="amd64"/>
    <property name="java.vm.specification.name" value="Java Virtual Machine Specification"/>
    <property name="sun.os.patch.level" value=""/>
    <property name="native.encoding" value="Cp1252"/>
    <property name="java.library.path" value="C:\Program Files\Java\jdk-21\bin;C:\Windows\Sun\Java\bin;C:\Windows\system32;C:\Windows;E:\oracle\product\10.2.0\db_1\bin;C:\Program Files\Common Files\Oracle\Java\javapath;C:\Windows\system32;C:\Windows;C:\Windows\System32\Wbem;C:\Windows\System32\WindowsPowerShell\v1.0\;C:\Windows\System32\OpenSSH\;C:\Program Files (x86)\Microsoft SQL Server\160\DTS\Binn\;C:\Program Files (x86)\Microsoft SQL Server\160\Tools\Binn\;C:\Program Files\Microsoft SQL Server\160\Tools\Binn\;C:\Program Files\Microsoft SQL Server\Client SDK\ODBC\170\Tools\Binn\;C:\Program Files\Microsoft SQL Server\160\DTS\Binn\;C:\ProgramData\chocolatey\bin;C:\Program Files\nodejs\;C:\Program Files\Java\jdk-21\bin;C:\Users\hp\Downloads\apache-maven-4.0.0-rc-4-bin\apache-maven-4.0.0-rc-4;C:\Users\hp\Downloads\apache-maven-4.0.0-rc-4-bin\apache-maven-4.0.0-rc-4\bin;C:\Users\hp\AppData\Local\Programs\Python\Launcher\;C:\Users\hp\AppData\Local\Microsoft\WindowsApps;C:\Users\hp\AppData\Local\Programs\Microsoft VS Code\bin;C:\Users\hp\AppData\Roaming\npm;."/>
    <property name="java.vm.info" value="mixed mode, sharing"/>
    <property name="stderr.encoding" value="Cp1252"/>
    <property name="java.vendor" value="Oracle Corporation"/>
    <property name="java.vm.version" value="21.0.5+9-LTS-239"/>
    <property name="maven.installation.settings" value="C:\Users\hp\Downloads\apache-maven-4.0.0-rc-4-bin\apache-maven-4.0.0-rc-4/conf/settings.xml"/>
    <property name="sun.io.unicode.encoding" value="UnicodeLittle"/>
    <property name="maven.user.settings" value="C:\Users\hp/.m2/settings.xml"/>
    <property name="java.class.version" value="65.0"/>
  </properties>
  <testcase name="testAssertions" classname="AssertionsTest" time="0.009"/>
</testsuite>